<?xml version="1.0" encoding="utf-8" ?>
<!DOCTYPE html PUBLIC "-//W3C//DTD XHTML 1.0 Strict//EN"
        "http://www.w3.org/TR/xhtml1/DTD/xhtml1-strict.dtd">
<html xmlns="http://www.w3.org/1999/xhtml" xml:lang="" lang="">
<head>
  <title>Test Results Report - Login Test</title>
  <meta http-equiv="Content-Type" content="text/html;charset=utf-8" />
  <meta name="description" content="TestNG unit test results." />
  <link href="reportng.css" rel="stylesheet" type="text/css" />
    <script type="text/javascript" src="reportng.js"></script>
</head>
<body>
<h1>Login Test</h1>
<p>
  Test duration: 258.854s
</p>



  <table class="resultsTable">
    <tr><th colspan="3" class="header failed">Failed Tests</th></tr>
          <tr>
        <td colspan="3" class="group">com.tutorialsninja.demo.testsuite.DesktopsTest</td>
      </tr>
            
<tr>
  <td class="method">
                  verifyProductAddedToShoppingCartSuccessFully
      </td>
  <td class="duration">
    64.248s
  </td>
  <td class="result">
        
          <i>Method arguments: </i><span class="arguments">"iPhone", "2", "Success: You have added iPhone to your shopping cart!", "iPhone", "Product 1 1", "150.92"</span><br />
    
            <div class="testOutput">
                        Mouse Hover On Desktop[[ChromeDriver: chrome on windows (cf377cfd4e5480bef41dfe6ac3df0895)] -&gt; link text: Desktops]<br />
                                click On Show All Desktop[[ChromeDriver: chrome on windows (cf377cfd4e5480bef41dfe6ac3df0895)] -&gt; link text: Show AllDesktops]<br />
                                Sort Name (A - Z) By Position NameAtoZ[[ChromeDriver: chrome on windows (cf377cfd4e5480bef41dfe6ac3df0895)] -&gt; xpath: //select[@id=&apos;input-sort&apos;]]<br />
                                Click on iPhone<br />
                                Clear the text on [[ChromeDriver: chrome on windows (cf377cfd4e5480bef41dfe6ac3df0895)] -&gt; xpath: //input[@id=&apos;input-quantity&apos;]]<br />
                                Click On Add To Cart[[ChromeDriver: chrome on windows (cf377cfd4e5480bef41dfe6ac3df0895)] -&gt; xpath: //button[@id=&apos;button-cart&apos;]]<br />
                                Get Proxy element for: DefaultElementLocator &apos;By.xpath: //div[@class=&apos;alert alert-success alert-dismissible&apos;]&apos;<br />
                  </div>
    

        <a href="javascript:toggleElement('exception-0', 'block')" title="Click to expand/collapse"><b>org.openqa.selenium.NoSuchElementException: no such element: Unable to locate element: {&quot;method&quot;:&quot;xpath&quot;,&quot;selector&quot;:&quot;//div[@class=&apos;alert alert-success alert-dismissible&apos;]&quot;}<br/>
&nbsp; (Session info: chrome=125.0.6422.176)<br/>
For documentation on this error, please visit: https://www.selenium.dev/documentation/webdriver/troubleshooting/errors#no-such-element-exception<br/>
Build info: version: &apos;4.21.0&apos;, revision: &apos;79ed462ef4&apos;<br/>
System info: os.name: &apos;Windows 11&apos;, os.arch: &apos;amd64&apos;, os.version: &apos;10.0&apos;, java.version: &apos;17.0.8&apos;<br/>
Driver info: org.openqa.selenium.chrome.ChromeDriver<br/>
Command: [cf377cfd4e5480bef41dfe6ac3df0895, findElement {using=xpath, value=//div[@class=&apos;alert alert-success alert-dismissible&apos;]}]<br/>
Capabilities {acceptInsecureCerts: false, browserName: chrome, browserVersion: 125.0.6422.176, chrome: {chromedriverVersion: 125.0.6422.141 (4b1e8393712..., userDataDir: C:\Users\sampa\AppData\Loca...}, fedcm:accounts: true, goog:chromeOptions: {debuggerAddress: localhost:61252}, networkConnectionEnabled: false, pageLoadStrategy: normal, platformName: windows, proxy: Proxy(), se:cdp: ws://localhost:61252/devtoo..., se:cdpVersion: 125.0.6422.176, setWindowRect: true, strictFileInteractability: false, timeouts: {implicit: 0, pageLoad: 300000, script: 30000}, unhandledPromptBehavior: dismiss and notify, webauthn:extension:credBlob: true, webauthn:extension:largeBlob: true, webauthn:extension:minPinLength: true, webauthn:extension:prf: true, webauthn:virtualAuthenticators: true}<br/>
Session ID: cf377cfd4e5480bef41dfe6ac3df0895</b></a><br />
    <div class="stackTrace" id="exception-0">
              java.base/jdk.internal.reflect.NativeConstructorAccessorImpl.newInstance0(Native Method)<br />
              java.base/jdk.internal.reflect.NativeConstructorAccessorImpl.newInstance(NativeConstructorAccessorImpl.java:77)<br />
              java.base/jdk.internal.reflect.DelegatingConstructorAccessorImpl.newInstance(DelegatingConstructorAccessorImpl.java:45)<br />
              java.base/java.lang.reflect.Constructor.newInstanceWithCaller(Constructor.java:499)<br />
              java.base/java.lang.reflect.Constructor.newInstance(Constructor.java:480)<br />
              org.openqa.selenium.remote.ErrorCodec.decode(ErrorCodec.java:167)<br />
              org.openqa.selenium.remote.codec.w3c.W3CHttpResponseCodec.decode(W3CHttpResponseCodec.java:138)<br />
              org.openqa.selenium.remote.codec.w3c.W3CHttpResponseCodec.decode(W3CHttpResponseCodec.java:50)<br />
              org.openqa.selenium.remote.HttpCommandExecutor.execute(HttpCommandExecutor.java:190)<br />
              org.openqa.selenium.remote.service.DriverCommandExecutor.invokeExecute(DriverCommandExecutor.java:216)<br />
              org.openqa.selenium.remote.service.DriverCommandExecutor.execute(DriverCommandExecutor.java:174)<br />
              org.openqa.selenium.remote.RemoteWebDriver.execute(RemoteWebDriver.java:518)<br />
              org.openqa.selenium.remote.ElementLocation$ElementFinder$2.findElement(ElementLocation.java:165)<br />
              org.openqa.selenium.remote.ElementLocation.findElement(ElementLocation.java:59)<br />
              org.openqa.selenium.remote.RemoteWebDriver.findElement(RemoteWebDriver.java:355)<br />
              org.openqa.selenium.remote.RemoteWebDriver.findElement(RemoteWebDriver.java:349)<br />
              org.openqa.selenium.support.pagefactory.DefaultElementLocator.findElement(DefaultElementLocator.java:68)<br />
              org.openqa.selenium.support.pagefactory.internal.LocatingElementHandler.invoke(LocatingElementHandler.java:38)<br />
              jdk.proxy2/jdk.proxy2.$Proxy17.getText(Unknown Source)<br />
              com.tutorialsninja.demo.utility.Utility.getTextFromElement(Utility.java:64)<br />
              com.tutorialsninja.demo.pages.DesktopsPage.getSuccessAlertMsg(DesktopsPage.java:310)<br />
              com.tutorialsninja.demo.testsuite.DesktopsTest.verifyProductAddedToShoppingCartSuccessFully(DesktopsTest.java:76)<br />
              java.base/jdk.internal.reflect.NativeMethodAccessorImpl.invoke0(Native Method)<br />
              java.base/jdk.internal.reflect.NativeMethodAccessorImpl.invoke(NativeMethodAccessorImpl.java:77)<br />
              java.base/jdk.internal.reflect.DelegatingMethodAccessorImpl.invoke(DelegatingMethodAccessorImpl.java:43)<br />
              java.base/java.lang.reflect.Method.invoke(Method.java:568)<br />
              org.testng.internal.invokers.MethodInvocationHelper.invokeMethod(MethodInvocationHelper.java:141)<br />
              org.testng.internal.invokers.TestInvoker.invokeMethod(TestInvoker.java:686)<br />
              org.testng.internal.invokers.TestInvoker.invokeTestMethod(TestInvoker.java:230)<br />
              org.testng.internal.invokers.MethodRunner.runInSequence(MethodRunner.java:63)<br />
              org.testng.internal.invokers.TestInvoker$MethodInvocationAgent.invoke(TestInvoker.java:992)<br />
              org.testng.internal.invokers.TestInvoker.invokeTestMethods(TestInvoker.java:203)<br />
              org.testng.internal.invokers.TestMethodWorker.invokeTestMethods(TestMethodWorker.java:154)<br />
              org.testng.internal.invokers.TestMethodWorker.run(TestMethodWorker.java:134)<br />
              java.base/java.util.ArrayList.forEach(ArrayList.java:1511)<br />
              org.testng.TestRunner.privateRun(TestRunner.java:739)<br />
              org.testng.TestRunner.run(TestRunner.java:614)<br />
              org.testng.SuiteRunner.runTest(SuiteRunner.java:421)<br />
              org.testng.SuiteRunner.runSequentially(SuiteRunner.java:413)<br />
              org.testng.SuiteRunner.privateRun(SuiteRunner.java:373)<br />
              org.testng.SuiteRunner.run(SuiteRunner.java:312)<br />
              org.testng.SuiteRunnerWorker.runSuite(SuiteRunnerWorker.java:52)<br />
              org.testng.SuiteRunnerWorker.run(SuiteRunnerWorker.java:95)<br />
              org.testng.TestNG.runSuitesSequentially(TestNG.java:1274)<br />
              org.testng.TestNG.runSuitesLocally(TestNG.java:1208)<br />
              org.testng.TestNG.runSuites(TestNG.java:1112)<br />
              org.testng.TestNG.run(TestNG.java:1079)<br />
              com.intellij.rt.testng.IDEARemoteTestNG.run(IDEARemoteTestNG.java:65)<br />
              com.intellij.rt.testng.RemoteTestNGStarter.main(RemoteTestNGStarter.java:105)<br />
                </div>
      </td>
</tr>
          <tr>
        <td colspan="3" class="group">com.tutorialsninja.demo.testsuite.LaptopsAndNotebooksTest</td>
      </tr>
            
<tr>
  <td class="method">
                  verifyThatUserPlaceOrderSuccessfully
      </td>
  <td class="duration">
    49.032s
  </td>
  <td class="result">
        
    
            <div class="testOutput">
                        MouseHover On LaptopsAndDesktopTab[[ChromeDriver: chrome on windows (4e5f0ca2f74cf09f4e4e713a836ae2ac)] -&gt; link text: Laptops &amp; Notebooks]<br />
                                clickOnShowAllLaptopsAndNotebooks[[ChromeDriver: chrome on windows (4e5f0ca2f74cf09f4e4e713a836ae2ac)] -&gt; xpath: //a[contains(text(),&apos;Show AllLaptops &amp; Notebooks&apos;)]]<br />
                                Sort By PriceHighToLow[[ChromeDriver: chrome on windows (4e5f0ca2f74cf09f4e4e713a836ae2ac)] -&gt; xpath: //select[@id=&apos;input-sort&apos;]]<br />
                                Click On MacBookTab[[ChromeDriver: chrome on windows (4e5f0ca2f74cf09f4e4e713a836ae2ac)] -&gt; link text: Sony VAIO]<br />
                                Click On AddToCartButton[[ChromeDriver: chrome on windows (4e5f0ca2f74cf09f4e4e713a836ae2ac)] -&gt; xpath: //button[@id=&apos;button-cart&apos;]]<br />
                                Get SuccessText From Link[[ChromeDriver: chrome on windows (4e5f0ca2f74cf09f4e4e713a836ae2ac)] -&gt; xpath: //div[@class=&apos;alert alert-success alert-dismissible&apos;]]<br />
                                Click On ShoppingCart[[ChromeDriver: chrome on windows (4e5f0ca2f74cf09f4e4e713a836ae2ac)] -&gt; xpath: //span[contains(text(),&apos;Shopping Cart&apos;)]]<br />
                                get ShoppingCart Message[[ChromeDriver: chrome on windows (4e5f0ca2f74cf09f4e4e713a836ae2ac)] -&gt; xpath: //a[contains(text(),&apos;Shopping Cart&apos;)]]<br />
                                Get VerifyProduct Macbook[[ChromeDriver: chrome on windows (4e5f0ca2f74cf09f4e4e713a836ae2ac)] -&gt; link text: Sony VAIO]<br />
                                Click On UpdateCart[[ChromeDriver: chrome on windows (4e5f0ca2f74cf09f4e4e713a836ae2ac)] -&gt; xpath: //button[contains(@data-original-title, &apos;Update&apos;)]]<br />
                                getSuccessModifiedCartMessage[[ChromeDriver: chrome on windows (4e5f0ca2f74cf09f4e4e713a836ae2ac)] -&gt; xpath: //div[@id=&apos;checkout-cart&apos;]/div[1]]<br />
                                Get VerifyTotal[[ChromeDriver: chrome on windows (4e5f0ca2f74cf09f4e4e713a836ae2ac)] -&gt; xpath: //tbody/tr[1]/td[6]]<br />
                                Click On CheckoutButton[[ChromeDriver: chrome on windows (4e5f0ca2f74cf09f4e4e713a836ae2ac)] -&gt; xpath: //a[contains(text(),&apos;Checkout&apos;)]]<br />
                                Get Checkout TextProxy element for: DefaultElementLocator &apos;By.xpath: //h1[contains(text(),&apos;Checkout&apos;)]&apos;<br />
                  </div>
    

        <a href="javascript:toggleElement('exception-1', 'block')" title="Click to expand/collapse"><b>org.openqa.selenium.NoSuchElementException: no such element: Unable to locate element: {&quot;method&quot;:&quot;xpath&quot;,&quot;selector&quot;:&quot;//h1[contains(text(),&apos;Checkout&apos;)]&quot;}<br/>
&nbsp; (Session info: chrome=125.0.6422.176)<br/>
For documentation on this error, please visit: https://www.selenium.dev/documentation/webdriver/troubleshooting/errors#no-such-element-exception<br/>
Build info: version: &apos;4.21.0&apos;, revision: &apos;79ed462ef4&apos;<br/>
System info: os.name: &apos;Windows 11&apos;, os.arch: &apos;amd64&apos;, os.version: &apos;10.0&apos;, java.version: &apos;17.0.8&apos;<br/>
Driver info: org.openqa.selenium.chrome.ChromeDriver<br/>
Command: [4e5f0ca2f74cf09f4e4e713a836ae2ac, findElement {using=xpath, value=//h1[contains(text(),&apos;Checkout&apos;)]}]<br/>
Capabilities {acceptInsecureCerts: false, browserName: chrome, browserVersion: 125.0.6422.176, chrome: {chromedriverVersion: 125.0.6422.141 (4b1e8393712..., userDataDir: C:\Users\sampa\AppData\Loca...}, fedcm:accounts: true, goog:chromeOptions: {debuggerAddress: localhost:61373}, networkConnectionEnabled: false, pageLoadStrategy: normal, platformName: windows, proxy: Proxy(), se:cdp: ws://localhost:61373/devtoo..., se:cdpVersion: 125.0.6422.176, setWindowRect: true, strictFileInteractability: false, timeouts: {implicit: 0, pageLoad: 300000, script: 30000}, unhandledPromptBehavior: dismiss and notify, webauthn:extension:credBlob: true, webauthn:extension:largeBlob: true, webauthn:extension:minPinLength: true, webauthn:extension:prf: true, webauthn:virtualAuthenticators: true}<br/>
Session ID: 4e5f0ca2f74cf09f4e4e713a836ae2ac</b></a><br />
    <div class="stackTrace" id="exception-1">
              java.base/jdk.internal.reflect.NativeConstructorAccessorImpl.newInstance0(Native Method)<br />
              java.base/jdk.internal.reflect.NativeConstructorAccessorImpl.newInstance(NativeConstructorAccessorImpl.java:77)<br />
              java.base/jdk.internal.reflect.DelegatingConstructorAccessorImpl.newInstance(DelegatingConstructorAccessorImpl.java:45)<br />
              java.base/java.lang.reflect.Constructor.newInstanceWithCaller(Constructor.java:499)<br />
              java.base/java.lang.reflect.Constructor.newInstance(Constructor.java:480)<br />
              org.openqa.selenium.remote.ErrorCodec.decode(ErrorCodec.java:167)<br />
              org.openqa.selenium.remote.codec.w3c.W3CHttpResponseCodec.decode(W3CHttpResponseCodec.java:138)<br />
              org.openqa.selenium.remote.codec.w3c.W3CHttpResponseCodec.decode(W3CHttpResponseCodec.java:50)<br />
              org.openqa.selenium.remote.HttpCommandExecutor.execute(HttpCommandExecutor.java:190)<br />
              org.openqa.selenium.remote.service.DriverCommandExecutor.invokeExecute(DriverCommandExecutor.java:216)<br />
              org.openqa.selenium.remote.service.DriverCommandExecutor.execute(DriverCommandExecutor.java:174)<br />
              org.openqa.selenium.remote.RemoteWebDriver.execute(RemoteWebDriver.java:518)<br />
              org.openqa.selenium.remote.ElementLocation$ElementFinder$2.findElement(ElementLocation.java:165)<br />
              org.openqa.selenium.remote.ElementLocation.findElement(ElementLocation.java:59)<br />
              org.openqa.selenium.remote.RemoteWebDriver.findElement(RemoteWebDriver.java:355)<br />
              org.openqa.selenium.remote.RemoteWebDriver.findElement(RemoteWebDriver.java:349)<br />
              org.openqa.selenium.support.pagefactory.DefaultElementLocator.findElement(DefaultElementLocator.java:68)<br />
              org.openqa.selenium.support.pagefactory.internal.LocatingElementHandler.invoke(LocatingElementHandler.java:38)<br />
              jdk.proxy2/jdk.proxy2.$Proxy17.getText(Unknown Source)<br />
              com.tutorialsninja.demo.utility.Utility.getTextFromElement(Utility.java:64)<br />
              com.tutorialsninja.demo.pages.LaptopsAndNotebooksPage.getCheckoutText(LaptopsAndNotebooksPage.java:283)<br />
              com.tutorialsninja.demo.testsuite.LaptopsAndNotebooksTest.verifyThatUserPlaceOrderSuccessfully(LaptopsAndNotebooksTest.java:94)<br />
              java.base/jdk.internal.reflect.NativeMethodAccessorImpl.invoke0(Native Method)<br />
              java.base/jdk.internal.reflect.NativeMethodAccessorImpl.invoke(NativeMethodAccessorImpl.java:77)<br />
              java.base/jdk.internal.reflect.DelegatingMethodAccessorImpl.invoke(DelegatingMethodAccessorImpl.java:43)<br />
              java.base/java.lang.reflect.Method.invoke(Method.java:568)<br />
              org.testng.internal.invokers.MethodInvocationHelper.invokeMethod(MethodInvocationHelper.java:141)<br />
              org.testng.internal.invokers.TestInvoker.invokeMethod(TestInvoker.java:686)<br />
              org.testng.internal.invokers.TestInvoker.invokeTestMethod(TestInvoker.java:230)<br />
              org.testng.internal.invokers.MethodRunner.runInSequence(MethodRunner.java:63)<br />
              org.testng.internal.invokers.TestInvoker$MethodInvocationAgent.invoke(TestInvoker.java:992)<br />
              org.testng.internal.invokers.TestInvoker.invokeTestMethods(TestInvoker.java:203)<br />
              org.testng.internal.invokers.TestMethodWorker.invokeTestMethods(TestMethodWorker.java:154)<br />
              org.testng.internal.invokers.TestMethodWorker.run(TestMethodWorker.java:134)<br />
              java.base/java.util.ArrayList.forEach(ArrayList.java:1511)<br />
              org.testng.TestRunner.privateRun(TestRunner.java:739)<br />
              org.testng.TestRunner.run(TestRunner.java:614)<br />
              org.testng.SuiteRunner.runTest(SuiteRunner.java:421)<br />
              org.testng.SuiteRunner.runSequentially(SuiteRunner.java:413)<br />
              org.testng.SuiteRunner.privateRun(SuiteRunner.java:373)<br />
              org.testng.SuiteRunner.run(SuiteRunner.java:312)<br />
              org.testng.SuiteRunnerWorker.runSuite(SuiteRunnerWorker.java:52)<br />
              org.testng.SuiteRunnerWorker.run(SuiteRunnerWorker.java:95)<br />
              org.testng.TestNG.runSuitesSequentially(TestNG.java:1274)<br />
              org.testng.TestNG.runSuitesLocally(TestNG.java:1208)<br />
              org.testng.TestNG.runSuites(TestNG.java:1112)<br />
              org.testng.TestNG.run(TestNG.java:1079)<br />
              com.intellij.rt.testng.IDEARemoteTestNG.run(IDEARemoteTestNG.java:65)<br />
              com.intellij.rt.testng.RemoteTestNGStarter.main(RemoteTestNGStarter.java:105)<br />
                </div>
      </td>
</tr>
      </table>


  <table class="resultsTable">
    <tr><th colspan="3" class="header passed">Passed Tests</th></tr>
          <tr>
        <td colspan="3" class="group">com.tutorialsninja.demo.testsuite.DesktopsTest</td>
      </tr>
            
<tr>
  <td class="method">
                  verifyProductAddedToShoppingCartSuccessFully
      </td>
  <td class="duration">
    6.610s
  </td>
  <td class="result">
        
          <i>Method arguments: </i><span class="arguments">"HTC Touch HD", "1", "Success: You have added HTC Touch HD to your shopping cart!", "HTC Touch HD", "Product 1", "74.73"</span><br />
    
            <div class="testOutput">
                        Mouse Hover On Desktop[[ChromeDriver: chrome on windows (fc028a6f7d66a3e9f77d2f15fd01166c)] -&gt; link text: Desktops]<br />
                                click On Show All Desktop[[ChromeDriver: chrome on windows (fc028a6f7d66a3e9f77d2f15fd01166c)] -&gt; link text: Show AllDesktops]<br />
                                Sort Name (A - Z) By Position NameAtoZ[[ChromeDriver: chrome on windows (fc028a6f7d66a3e9f77d2f15fd01166c)] -&gt; xpath: //select[@id=&apos;input-sort&apos;]]<br />
                                Click on HTC Touch HD<br />
                                Clear the text on [[ChromeDriver: chrome on windows (fc028a6f7d66a3e9f77d2f15fd01166c)] -&gt; xpath: //input[@id=&apos;input-quantity&apos;]]<br />
                                Click On Add To Cart[[ChromeDriver: chrome on windows (fc028a6f7d66a3e9f77d2f15fd01166c)] -&gt; xpath: //button[@id=&apos;button-cart&apos;]]<br />
                                Get [[ChromeDriver: chrome on windows (fc028a6f7d66a3e9f77d2f15fd01166c)] -&gt; xpath: //div[@class=&apos;alert alert-success alert-dismissible&apos;]]<br />
                                clickOnShoppingCart[[ChromeDriver: chrome on windows (fc028a6f7d66a3e9f77d2f15fd01166c)] -&gt; xpath: //span[contains(text(),&apos;Shopping Cart&apos;)]]<br />
                                Get [[ChromeDriver: chrome on windows (fc028a6f7d66a3e9f77d2f15fd01166c)] -&gt; xpath: //h4/a]<br />
                                Get Model name[[ChromeDriver: chrome on windows (fc028a6f7d66a3e9f77d2f15fd01166c)] -&gt; xpath: //div[@class = &apos;table-responsive&apos;]/table/tbody/tr/td[3]]<br />
                                Get total[[ChromeDriver: chrome on windows (fc028a6f7d66a3e9f77d2f15fd01166c)] -&gt; xpath: //div[@class = &apos;table-responsive&apos;]/table/tbody/tr/td[6]]<br />
                  </div>
    

      </td>
</tr>
<tr>
  <td class="method">
                  verifyProductAddedToShoppingCartSuccessFully
      </td>
  <td class="duration">
    6.320s
  </td>
  <td class="result">
        
          <i>Method arguments: </i><span class="arguments">"Palm Treo Pro", "3", "Success: You have added Palm Treo Pro to your shopping cart!", "Palm Treo Pro", "Product 2", "1242.11"</span><br />
    
            <div class="testOutput">
                        Mouse Hover On Desktop[[ChromeDriver: chrome on windows (8abf520985ba7e2db5aa787dac71cf87)] -&gt; link text: Desktops]<br />
                                click On Show All Desktop[[ChromeDriver: chrome on windows (8abf520985ba7e2db5aa787dac71cf87)] -&gt; link text: Show AllDesktops]<br />
                                Sort Name (A - Z) By Position NameAtoZ[[ChromeDriver: chrome on windows (8abf520985ba7e2db5aa787dac71cf87)] -&gt; xpath: //select[@id=&apos;input-sort&apos;]]<br />
                                Click on Palm Treo Pro<br />
                                Clear the text on [[ChromeDriver: chrome on windows (8abf520985ba7e2db5aa787dac71cf87)] -&gt; xpath: //input[@id=&apos;input-quantity&apos;]]<br />
                                Click On Add To Cart[[ChromeDriver: chrome on windows (8abf520985ba7e2db5aa787dac71cf87)] -&gt; xpath: //button[@id=&apos;button-cart&apos;]]<br />
                                Get [[ChromeDriver: chrome on windows (8abf520985ba7e2db5aa787dac71cf87)] -&gt; xpath: //div[@class=&apos;alert alert-success alert-dismissible&apos;]]<br />
                                clickOnShoppingCart[[ChromeDriver: chrome on windows (8abf520985ba7e2db5aa787dac71cf87)] -&gt; xpath: //span[contains(text(),&apos;Shopping Cart&apos;)]]<br />
                                Get [[ChromeDriver: chrome on windows (8abf520985ba7e2db5aa787dac71cf87)] -&gt; xpath: //h4/a]<br />
                                Get Model name[[ChromeDriver: chrome on windows (8abf520985ba7e2db5aa787dac71cf87)] -&gt; xpath: //div[@class = &apos;table-responsive&apos;]/table/tbody/tr/td[3]]<br />
                                Get total[[ChromeDriver: chrome on windows (8abf520985ba7e2db5aa787dac71cf87)] -&gt; xpath: //div[@class = &apos;table-responsive&apos;]/table/tbody/tr/td[6]]<br />
                  </div>
    

      </td>
</tr>
<tr>
  <td class="method">
                  verifyProductsPriceDisplayHighToLowSuccessfully
      </td>
  <td class="duration">
    2.596s
  </td>
  <td class="result">
        
    
            <div class="testOutput">
                        Mouse Hover On Desktop[[ChromeDriver: chrome on windows (cfe719567b23db00fcd6598f720285e0)] -&gt; link text: Desktops]<br />
                                click On Show All Desktop[[ChromeDriver: chrome on windows (cfe719567b23db00fcd6598f720285e0)] -&gt; link text: Show AllDesktops]<br />
                                Sort Name (Z - A) By Position NameZtoA[[ChromeDriver: chrome on windows (cfe719567b23db00fcd6598f720285e0)] -&gt; xpath: //select[@id=&apos;input-sort&apos;]]<br />
                  </div>
    

      </td>
</tr>
          <tr>
        <td colspan="3" class="group">com.tutorialsninja.demo.testsuite.LaptopsAndNotebooksTest</td>
      </tr>
            
<tr>
  <td class="method">
                  verifyProductsPriceDisplayHighToLowSuccessfully
      </td>
  <td class="duration">
    2.639s
  </td>
  <td class="result">
        
    
            <div class="testOutput">
                        MouseHover On LaptopsAndDesktopTab[[ChromeDriver: chrome on windows (70a2581de804493afb56a6bce2f4b391)] -&gt; link text: Laptops &amp; Notebooks]<br />
                                clickOnShowAllLaptopsAndNotebooks[[ChromeDriver: chrome on windows (70a2581de804493afb56a6bce2f4b391)] -&gt; xpath: //a[contains(text(),&apos;Show AllLaptops &amp; Notebooks&apos;)]]<br />
                                Sort By PriceHighToLow[[ChromeDriver: chrome on windows (70a2581de804493afb56a6bce2f4b391)] -&gt; xpath: //select[@id=&apos;input-sort&apos;]]<br />
                  </div>
    

      </td>
</tr>
          <tr>
        <td colspan="3" class="group">com.tutorialsninja.demo.testsuite.MyAccountsTest</td>
      </tr>
            
<tr>
  <td class="method">
                  verifyThatUserRegisterAccountSuccessfully
      </td>
  <td class="duration">
    24.517s
  </td>
  <td class="result">
        
    
            <div class="testOutput">
                        click On MyAccount Link [[ChromeDriver: chrome on windows (a22d9b9b68d1e75f5633021dad29a84c)] -&gt; xpath: //span[contains(text(),&apos;My Account&apos;)]]<br />
                                Enter First Name Devani in field[[ChromeDriver: chrome on windows (a22d9b9b68d1e75f5633021dad29a84c)] -&gt; id: input-firstname]<br />
                                Enter last Name Carli in field[[ChromeDriver: chrome on windows (a22d9b9b68d1e75f5633021dad29a84c)] -&gt; id: input-lastname]<br />
                                Enter devC123kMe@gmail.com EmailId[[ChromeDriver: chrome on windows (a22d9b9b68d1e75f5633021dad29a84c)] -&gt; id: input-email]<br />
                                Enter 1234567890Phone Number[[ChromeDriver: chrome on windows (a22d9b9b68d1e75f5633021dad29a84c)] -&gt; id: input-telephone]<br />
                                Enter Password Devc123 in password field[[ChromeDriver: chrome on windows (a22d9b9b68d1e75f5633021dad29a84c)] -&gt; id: input-password]<br />
                                enter ConfirmPassword [[ChromeDriver: chrome on windows (a22d9b9b68d1e75f5633021dad29a84c)] -&gt; id: input-confirm]<br />
                                clickSubscribeOnYesRadioButton [[ChromeDriver: chrome on windows (a22d9b9b68d1e75f5633021dad29a84c)] -&gt; xpath: //input[@name=&apos;newsletter&apos;]]<br />
                                clickOnPrivacyPolicyCheckBox[[ChromeDriver: chrome on windows (a22d9b9b68d1e75f5633021dad29a84c)] -&gt; xpath: //div[@class = &apos;buttons&apos;]//input[@name=&apos;agree&apos;]]<br />
                                clickOnContinue1[[ChromeDriver: chrome on windows (a22d9b9b68d1e75f5633021dad29a84c)] -&gt; xpath: //div[@class = &apos;buttons&apos;]//input[@value=&apos;Continue&apos;]]<br />
                                getAccountCreatedMessage[[ChromeDriver: chrome on windows (a22d9b9b68d1e75f5633021dad29a84c)] -&gt; xpath: //h1[contains(text(),&apos;Your Account Has Been Created!&apos;)]]<br />
                                clickOnContinueButton2[[ChromeDriver: chrome on windows (a22d9b9b68d1e75f5633021dad29a84c)] -&gt; xpath: //a[contains(text(),&apos;Continue&apos;)]]<br />
                                clickOnMyAccountTab[[ChromeDriver: chrome on windows (a22d9b9b68d1e75f5633021dad29a84c)] -&gt; xpath: //span[contains(text(),&apos;My Account&apos;)]]<br />
                                getAccountLogoutMessage[[ChromeDriver: chrome on windows (a22d9b9b68d1e75f5633021dad29a84c)] -&gt; xpath: //h1[contains(text(),&apos;Account Logout&apos;)]]<br />
                                click On Continue Button3[[ChromeDriver: chrome on windows (a22d9b9b68d1e75f5633021dad29a84c)] -&gt; xpath: //a[contains(text(),&apos;Continue&apos;)]]<br />
                  </div>
    

      </td>
</tr>
<tr>
  <td class="method">
                  verifyThatUserShouldLoginAndLogoutSuccessfully
      </td>
  <td class="duration">
    23.493s
  </td>
  <td class="result">
        
    
            <div class="testOutput">
                        click On MyAccount Link [[ChromeDriver: chrome on windows (80f6e5c30bfdfe9ad99b23a5d2863343)] -&gt; xpath: //span[contains(text(),&apos;My Account&apos;)]]<br />
                                Enter prime123@gmail.com EmailId[[ChromeDriver: chrome on windows (80f6e5c30bfdfe9ad99b23a5d2863343)] -&gt; id: input-email]<br />
                                Enter Password Prime123 in password field[[ChromeDriver: chrome on windows (80f6e5c30bfdfe9ad99b23a5d2863343)] -&gt; id: input-password]<br />
                                clickOnLogin[[ChromeDriver: chrome on windows (80f6e5c30bfdfe9ad99b23a5d2863343)] -&gt; xpath: //form[contains(@action,&apos;login&apos;)]//input[@type=&apos;submit&apos;]]<br />
                                clickOnMyAccountTab[[ChromeDriver: chrome on windows (80f6e5c30bfdfe9ad99b23a5d2863343)] -&gt; xpath: //span[contains(text(),&apos;My Account&apos;)]]<br />
                                getAccountLogoutMessage[[ChromeDriver: chrome on windows (80f6e5c30bfdfe9ad99b23a5d2863343)] -&gt; xpath: //h1[contains(text(),&apos;Account Logout&apos;)]]<br />
                                click On Continue Button3[[ChromeDriver: chrome on windows (80f6e5c30bfdfe9ad99b23a5d2863343)] -&gt; xpath: //a[contains(text(),&apos;Continue&apos;)]]<br />
                  </div>
    

      </td>
</tr>
<tr>
  <td class="method">
                  verifyUserShouldNavigateToLoginPageSuccessfully
      </td>
  <td class="duration">
    0.691s
  </td>
  <td class="result">
        
    
            <div class="testOutput">
                        click On MyAccount Link [[ChromeDriver: chrome on windows (216ac1ec13c185029a6491fc0232fb27)] -&gt; xpath: //span[contains(text(),&apos;My Account&apos;)]]<br />
                                getReturningCustomerMessage[[ChromeDriver: chrome on windows (216ac1ec13c185029a6491fc0232fb27)] -&gt; xpath: //h2[contains(text(),&apos;Returning Customer&apos;)]]<br />
                  </div>
    

      </td>
</tr>
<tr>
  <td class="method">
                  verifyUserShouldNavigateToRegisterPageSuccessfully
      </td>
  <td class="duration">
    20.862s
  </td>
  <td class="result">
        
    
            <div class="testOutput">
                        click On MyAccount Link [[ChromeDriver: chrome on windows (dbff8b3f2da73809b070f7a1789698bd)] -&gt; xpath: //span[contains(text(),&apos;My Account&apos;)]]<br />
                                getRegisterAccountMessage[[ChromeDriver: chrome on windows (dbff8b3f2da73809b070f7a1789698bd)] -&gt; xpath: //h1[contains(text(),&apos;Register Account&apos;)]]<br />
                  </div>
    

      </td>
</tr>
          <tr>
        <td colspan="3" class="group">com.tutorialsninja.demo.testsuite.TopMenuTest</td>
      </tr>
            
<tr>
  <td class="method">
                  verifyUserShouldNavigateToComponentsPageSuccessfully
      </td>
  <td class="duration">
    1.451s
  </td>
  <td class="result">
        
    
            <div class="testOutput">
                        mouseHoverToComponentsTab[[ChromeDriver: chrome on windows (c15ae8c95b492749ce341a70b72b13d2)] -&gt; link text: Components]<br />
                                getComponentsText[[ChromeDriver: chrome on windows (c15ae8c95b492749ce341a70b72b13d2)] -&gt; xpath: //h2[contains(text(),&apos;Components&apos;)]]<br />
                  </div>
    

      </td>
</tr>
<tr>
  <td class="method">
                  verifyUserShouldNavigateToDesktopsPageSuccessfully
      </td>
  <td class="duration">
    1.287s
  </td>
  <td class="result">
        
    
            <div class="testOutput">
                         Mousehover and Click on desktop [[ChromeDriver: chrome on windows (e50dedc8dcd39ca5ac0ef826f5c499b0)] -&gt; link text: Desktops]<br />
                                get Text Desktop[[ChromeDriver: chrome on windows (e50dedc8dcd39ca5ac0ef826f5c499b0)] -&gt; xpath: //h2[contains(text(),&apos;Desktops&apos;)]]<br />
                  </div>
    

      </td>
</tr>
<tr>
  <td class="method">
                  verifyUserShouldNavigateToLaptopsAndNotebooksPageSuccessfully
      </td>
  <td class="duration">
    1.213s
  </td>
  <td class="result">
        
    
            <div class="testOutput">
                        mouseHoverOnLaptopsAndNotebooksTab[[ChromeDriver: chrome on windows (01d76dba8ad53a717ef9a58113f5d9ea)] -&gt; link text: Laptops &amp; Notebooks]<br />
                                getLaptopsAndNotebooksText[[ChromeDriver: chrome on windows (01d76dba8ad53a717ef9a58113f5d9ea)] -&gt; css selector: body:nth-child(2) div.container:nth-child(4) div.row div.col-sm-9 &gt; h2:nth-child(1)]<br />
                  </div>
    

      </td>
</tr>
      </table>
  
</body>
</html>
